{
  "stats": {
    "suites": 1,
    "tests": 1,
    "passes": 0,
    "pending": 0,
    "failures": 1,
    "start": "2024-08-21T03:35:43.254Z",
    "end": "2024-08-21T03:36:06.085Z",
    "duration": 22831,
    "testsRegistered": 1,
    "passPercent": 0,
    "pendingPercent": 0,
    "other": 0,
    "hasOther": false,
    "skipped": 0,
    "hasSkipped": false
  },
  "results": [
    {
      "uuid": "b31bd8dc-da98-4bf7-84b4-143654e68425",
      "title": "",
      "fullFile": "cypress\\e2e\\exisitingchatbot.cy.js",
      "file": "cypress\\e2e\\exisitingchatbot.cy.js",
      "beforeHooks": [],
      "afterHooks": [],
      "tests": [],
      "suites": [
        {
          "uuid": "06bd07c1-26db-4a3e-b0f6-85b2689b4f85",
          "title": "Login and Navigate Through Pages",
          "fullFile": "",
          "file": "",
          "beforeHooks": [],
          "afterHooks": [],
          "tests": [
            {
              "title": "should log in, navigate to the chatbot panel, and interact with elements",
              "fullTitle": "Login and Navigate Through Pages should log in, navigate to the chatbot panel, and interact with elements",
              "timedOut": null,
              "duration": 17256,
              "state": "failed",
              "speed": null,
              "pass": false,
              "fail": true,
              "pending": false,
              "context": null,
              "code": "// Set the viewport to full screen\ncy.viewport(1920, 1080);\n// Visit the initial page with a custom User-Agent\ncy.visit('https://mydev.igenchat.co/en', {\n  headers: {\n    'User-Agent': 'Mozilla/5.0 (Windows NT 10.0; Win64; x64) AppleWebKit/537.36 (KHTML, like Gecko) Chrome/91.0.4472.124 Safari/537.36'\n  }\n});\n// Click the element to go to the login page\ncy.get('[data-cy=\"login-button\"]').click();\n// Use cy.origin to interact with elements on the new domain for login\ncy.origin('https://dev-immfg7q8ihx56zyx.au.auth0.com', () => {\n  // Ensure the login page is fully loaded\n  cy.url().should('include', '/u/login').then(() => {\n    cy.log('URL changed to login page');\n  });\n  // Manually handle focus and type in the username\n  cy.get('#username').focus().type('Rohitraja95@gmail.com').then(() => {\n    cy.log('Entered email address');\n  });\n  // Manually handle focus and type in the password\n  cy.get('#password').focus().type('Okcool@123').then(() => {\n    cy.log('Entered password');\n  });\n  // Click the login button\n  cy.get('button[type=\"submit\"]').click().then(() => {\n    cy.log('Login button clicked');\n  });\n});\n// Wait for the chatbot panel page to load\ncy.url({\n  timeout: 60000\n}).should('include', '/en/chatbot-panel').then(() => {\n  cy.log('Successfully navigated to chatbot panel');\n});\n// Click on the \"View Chatbot\" button and wait for the page to load\ncy.get('button.MuiButtonBase-root').contains('View Chatbot').click().then(() => {\n  cy.log('Clicked on View Chatbot button');\n});\n// Wait for the new page to load successfully\ncy.url({\n  timeout: 60000\n}).should('include', '/expected-chatbot-view-page').then(() => {\n  cy.log('Chatbot view page loaded');\n});\n// Click on the chatlogs element and wait for the page to load\ncy.get('[data-cy=\"chatlogs\"]').click().then(() => {\n  cy.log('Clicked on Chatlogs');\n});\ncy.url({\n  timeout: 60000\n}).should('include', '/chatlogs').then(() => {\n  cy.log('Chatlogs page loaded');\n});\n// Click on the analytics element and wait for the page to load\ncy.get('[data-cy=\"analytics\"]').click().then(() => {\n  cy.log('Clicked on Analytics');\n});\ncy.url({\n  timeout: 60000\n}).should('include', '/analytics').then(() => {\n  cy.log('Analytics page loaded');\n});\n// Click on the settings element and wait for the page to load\ncy.get('[data-cy=\"settings\"]').click().then(() => {\n  cy.log('Clicked on Settings');\n});\ncy.url({\n  timeout: 60000\n}).should('include', '/settings').then(() => {\n  cy.log('Settings page loaded');\n});\n// Click on the sources element and wait for the page to load\ncy.get('[data-cy=\"sources\"]').click().then(() => {\n  cy.log('Clicked on Sources');\n});\ncy.url({\n  timeout: 60000\n}).should('include', '/sources').then(() => {\n  cy.log('Sources page loaded');\n});",
              "err": {
                "message": "TypeError: Cannot read properties of undefined (reading '$')",
                "estack": "TypeError: Cannot read properties of undefined (reading '$')\n    at Context.eval (webpack://mywork/./cypress/e2e/exisitingchatbot.cy.js:17:11)",
                "diff": null
              },
              "uuid": "d1c0b6ae-8fa9-488b-84f7-4c1989b515c3",
              "parentUUID": "06bd07c1-26db-4a3e-b0f6-85b2689b4f85",
              "isHook": false,
              "skipped": false
            }
          ],
          "suites": [],
          "passes": [],
          "failures": [
            "d1c0b6ae-8fa9-488b-84f7-4c1989b515c3"
          ],
          "pending": [],
          "skipped": [],
          "duration": 17256,
          "root": false,
          "rootEmpty": false,
          "_timeout": 2000
        }
      ],
      "passes": [],
      "failures": [],
      "pending": [],
      "skipped": [],
      "duration": 0,
      "root": true,
      "rootEmpty": true,
      "_timeout": 2000
    }
  ],
  "meta": {
    "mocha": {
      "version": "7.0.1"
    },
    "mochawesome": {
      "options": {
        "quiet": false,
        "reportFilename": "report",
        "saveHtml": true,
        "saveJson": true,
        "consoleReporter": "spec",
        "useInlineDiffs": false,
        "code": true
      },
      "version": "7.1.3"
    },
    "marge": {
      "options": {
        "reportDir": "cypress/reports/mochawesome-report",
        "reportFilename": "report",
        "overwrite": false,
        "html": true,
        "json": true
      },
      "version": "6.2.0"
    }
  }
}